<?xml version='1.0' encoding='UTF-8'?>
<testsuite hostname="s4n-ThinkPad-E470" name="co.com.scalatraining.effects.TrySuite" tests="20" errors="0" failures="0" time="0.036">
                     <properties>
[...]
</properties>
                     <testcase classname="co.com.scalatraining.effects.TrySuite" name="Tratando el Try como un bloque try-catch" time="0.008">
                                                 
                                               </testcase><testcase classname="co.com.scalatraining.effects.TrySuite" name="Se debe poder hacer pattern match sobre un Try que es Failure" time="0.002">
                                                 
                                               </testcase><testcase classname="co.com.scalatraining.effects.TrySuite" name="Se debe poder hacer pattern match sobre un Try que es Success" time="0.001">
                                                 
                                               </testcase><testcase classname="co.com.scalatraining.effects.TrySuite" name="Un Failure se debe poder map" time="0.0">
                                                 
                                               </testcase><testcase classname="co.com.scalatraining.effects.TrySuite" name="Un Success se debe poder map [assert con for-comp]" time="0.002">
                                                 
                                               </testcase><testcase classname="co.com.scalatraining.effects.TrySuite" name="Un Success se debe poder map [assert con flatmap]" time="0.001">
                                                 
                                               </testcase><testcase classname="co.com.scalatraining.effects.TrySuite" name="Un Failure se debe poder recuperar con recover" time="0.001">
                                                 
                                               </testcase><testcase classname="co.com.scalatraining.effects.TrySuite" name="Error en la recuperacion con recover" time="0.001">
                                                 
                                               </testcase><testcase classname="co.com.scalatraining.effects.TrySuite" name="Un Failure se debe poder recuperar con recoverWith" time="0.001">
                                                 
                                               </testcase><testcase classname="co.com.scalatraining.effects.TrySuite" name="Un Try se debe poder convertior en Option" time="0.001">
                                                 
                                               </testcase><testcase classname="co.com.scalatraining.effects.TrySuite" name="Un Failure se debe poder convertior en Option" time="0.001">
                                                 
                                               </testcase><testcase classname="co.com.scalatraining.effects.TrySuite" name=" A chain of Success is a Success" time="0.002">
                                                 
                                               </testcase><testcase classname="co.com.scalatraining.effects.TrySuite" name=" A chain of Tries with a Failure is a Failure" time="0.001">
                                                 
                                               </testcase><testcase classname="co.com.scalatraining.effects.TrySuite" name="Recover inside for-com" time="0.002">
                                                 
                                               </testcase><testcase classname="co.com.scalatraining.effects.TrySuite" name="Recover outside for-com" time="0.002">
                                                 
                                               </testcase><testcase classname="co.com.scalatraining.effects.TrySuite" name=" Is Try associative?" time="0.005">
                                                 
                                               </testcase><testcase classname="co.com.scalatraining.effects.TrySuite" name=" Does Try comply right unit?" time="0.001">
                                                 
                                               </testcase><testcase classname="co.com.scalatraining.effects.TrySuite" name=" Does Try comply left unit (1)?" time="0.001">
                                                 
                                               </testcase><testcase classname="co.com.scalatraining.effects.TrySuite" name=" Does Try comply left unit (2)?" time="-0.001">
                                                 
                                               </testcase><testcase classname="co.com.scalatraining.effects.TrySuite" name="Composicion de Try con errores aleatorios" time="0.004">
                                                 
                                               </testcase>
                     <system-out></system-out>
                     <system-err></system-err>
                   </testsuite>