<?xml version='1.0' encoding='UTF-8'?>
<testsuite hostname="s4n-ThinkPad-E470" name="co.com.scalatraining.collections.ListSuite" tests="29" errors="0" failures="0" time="0.033">
                     <properties>
[...]
</properties>
                     <testcase classname="co.com.scalatraining.collections.ListSuite" name="Una List se debe poder construir" time="0.013">
                                                 
                                               </testcase><testcase classname="co.com.scalatraining.collections.ListSuite" name="Se puede hacer una lista de un solo tipo" time="0.001">
                                                 
                                               </testcase><testcase classname="co.com.scalatraining.collections.ListSuite" name="Una lista se debe poder recorrer imperativamente" time="0.002">
                                                 
                                               </testcase><testcase classname="co.com.scalatraining.collections.ListSuite" name="A una lista se le debe poder adicionar elementos" time="0.0">
                                                 
                                               </testcase><testcase classname="co.com.scalatraining.collections.ListSuite" name="se puede concatenar" time="0.001">
                                                 
                                               </testcase><testcase classname="co.com.scalatraining.collections.ListSuite" name="adicionar 1 y 5" time="0.0">
                                                 
                                               </testcase><testcase classname="co.com.scalatraining.collections.ListSuite" name="A una lista se le debe poder eliminar elementos con drop" time="0.0">
                                                 
                                               </testcase><testcase classname="co.com.scalatraining.collections.ListSuite" name="A una lista se le pueden descartar elementos en una direccion determinada (right)" time="0.0">
                                                 
                                               </testcase><testcase classname="co.com.scalatraining.collections.ListSuite" name="DropWhile" time="0.0">
                                                 
                                               </testcase><testcase classname="co.com.scalatraining.collections.ListSuite" name="Se debe poder consultar el primer elemento de una lista de forma insegura" time="0.0">
                                                 
                                               </testcase><testcase classname="co.com.scalatraining.collections.ListSuite" name="Que pasa si hacemos head a una List()" time="0.001">
                                                 
                                               </testcase><testcase classname="co.com.scalatraining.collections.ListSuite" name="Se debe poder obtener todos los elementos de una lista sin el primer elemento" time="0.001">
                                                 
                                               </testcase><testcase classname="co.com.scalatraining.collections.ListSuite" name="Que pasa si hacemos tail a un List()" time="0.001">
                                                 
                                               </testcase><testcase classname="co.com.scalatraining.collections.ListSuite" name="Una lista se debe poder filtrar con una hof" time="0.001">
                                                 
                                               </testcase><testcase classname="co.com.scalatraining.collections.ListSuite" name="Una lista se debe poder acumular" time="0.001">
                                                 
                                               </testcase><testcase classname="co.com.scalatraining.collections.ListSuite" name="Una lista se debe poder multiplicar" time="0.001">
                                                 
                                               </testcase><testcase classname="co.com.scalatraining.collections.ListSuite" name="Una lista se debe poder acumular en una direccion determinada (izquierda)" time="0.001">
                                                 
                                               </testcase><testcase classname="co.com.scalatraining.collections.ListSuite" name="Una lista se debe poder acumular en una direccion determinada (derecha)" time="0.001">
                                                 
                                               </testcase><testcase classname="co.com.scalatraining.collections.ListSuite" name="fold sobre una List de objetos" time="0.002">
                                                 
                                               </testcase><testcase classname="co.com.scalatraining.collections.ListSuite" name="test - obtenga el promedio de los numeros pares" time="0.001">
                                                 
                                               </testcase><testcase classname="co.com.scalatraining.collections.ListSuite" name="Una lista se debe poder dividir" time="0.001">
                                                 
                                               </testcase><testcase classname="co.com.scalatraining.collections.ListSuite" name="Una lista se debe poder reversar" time="0.001">
                                                 
                                               </testcase><testcase classname="co.com.scalatraining.collections.ListSuite" name="Una lista se debe poder serializar" time="0.0">
                                                 
                                               </testcase><testcase classname="co.com.scalatraining.collections.ListSuite" name="Se debe poder acceder al primer elemento de List() de forma segura" time="0.0">
                                                 
                                               </testcase><testcase classname="co.com.scalatraining.collections.ListSuite" name="Se debe poder acceder al primer elemento de List() no vacia de forma segura" time="0.0">
                                                 
                                               </testcase><testcase classname="co.com.scalatraining.collections.ListSuite" name="Una List se debe poder transformar" time="0.001">
                                                 
                                               </testcase><testcase classname="co.com.scalatraining.collections.ListSuite" name="Verificacion de map sobre una List" time="0.002">
                                                 
                                               </testcase><testcase classname="co.com.scalatraining.collections.ListSuite" name="map strings" time="0.0">
                                                 
                                               </testcase><testcase classname="co.com.scalatraining.collections.ListSuite" name="flatMap try" time="0.0">
                                                 
                                               </testcase>
                     <system-out></system-out>
                     <system-err></system-err>
                   </testsuite>